<?xml version="1.0" encoding="UTF-8"?>
<!-- Generated by org.testng.reporters.JUnitXMLReporter -->
<testsuite ignored="7" hostname="DESKTOP-26KO353" failures="0" tests="1" name="Default test" time="5.576" errors="0" timestamp="2024-03-14T19:05:31 IST">
  <testcase classname="com.kwikpass.automation.scripts.TC_Hyphen_Test_Cases" name="Verify_Hyphen_KwikPass_login_icon_Visibilty" time="2.991"/>
  <testcase classname="com.kwikpass.automation.scripts.TC_Hyphen_Test_Cases" name="Verify_Hyphen_Shopify_login_and_session_creation_after_Kwikpass_login" time="0.0">
    <ignored/>
  </testcase> <!-- Verify_Hyphen_Shopify_login_and_session_creation_after_Kwikpass_login -->
  <testcase classname="com.kwikpass.automation.scripts.TC_Hyphen_Test_Cases" name="Verify_Hyphen_KwikPass_Login_at_accountpage" time="0.0">
    <ignored/>
  </testcase> <!-- Verify_Hyphen_KwikPass_Login_at_accountpage -->
  <testcase classname="com.kwikpass.automation.scripts.TC_Hyphen_Test_Cases" name="Verify_Hyphen_Kwikpass_login_using_OTP_Via_SMS" time="0.0">
    <ignored/>
  </testcase> <!-- Verify_Hyphen_Kwikpass_login_using_OTP_Via_SMS -->
  <testcase classname="com.kwikpass.automation.scripts.TC_Hyphen_Test_Cases" name="Verify_Hyphen_KwikPass_login_modal_verification" time="0.0">
    <ignored/>
  </testcase> <!-- Verify_Hyphen_KwikPass_login_modal_verification -->
  <testcase classname="com.kwikpass.automation.scripts.TC_Hyphen_Test_Cases" name="Verify_Hyphen_Kwikpass_login_Done_Redirect_to_accountpage" time="0.0">
    <ignored/>
  </testcase> <!-- Verify_Hyphen_Kwikpass_login_Done_Redirect_to_accountpage -->
  <testcase classname="com.kwikpass.automation.scripts.TC_Hyphen_Test_Cases" name="Verify_Hyphen_Kwikpass_login_Done_Gokwik_login_should_happen" time="0.0">
    <ignored/>
  </testcase> <!-- Verify_Hyphen_Kwikpass_login_Done_Gokwik_login_should_happen -->
  <testcase classname="com.kwikpass.automation.scripts.TC_Hyphen_Test_Cases" name="Verify_Hyphen_KwikPass_Login_modal_Verfication_at_accountpage" time="0.0">
    <ignored/>
  </testcase> <!-- Verify_Hyphen_KwikPass_Login_modal_Verfication_at_accountpage -->
</testsuite> <!-- Default test -->
