<?xml version="1.0" encoding="UTF-8"?>
<!-- Generated by org.testng.reporters.JUnitXMLReporter -->
<testsuite ignored="0" hostname="DESKTOP-26KO353" failures="0" tests="15" name="Default test" time="433.624" errors="0" timestamp="2024-05-09T13:56:58 IST">
  <testcase classname="com.kwikpass.automation.scripts.TC_Punekar_Cottons_Test_Cases" name="Verify_Punekar_Cottons_KwikPass_AP_Visiblity_At_Collection_page" time="21.565"/>
  <testcase classname="com.kwikpass.automation.scripts.TC_Punekar_Cottons_Test_Cases" name="Verify_Punekar_Cottons_KwikPass_AP_Visiblity_At_Home_page" time="17.513"/>
  <testcase classname="com.kwikpass.automation.scripts.TC_Punekar_Cottons_Test_Cases" name="Verify_Punekar_Cottons_KwikPass_AP_Visiblity_At_PDP_page" time="21.62"/>
  <testcase classname="com.kwikpass.automation.scripts.TC_Punekar_Cottons_Test_Cases" name="Verify_Punekar_Cottons_KwikPass_AP_modal_Verfication" time="18.008"/>
  <testcase classname="com.kwikpass.automation.scripts.TC_Punekar_Cottons_Test_Cases" name="Verify_Punekar_Cottons_KwikPass_Login_at_accountpage" time="19.468"/>
  <testcase classname="com.kwikpass.automation.scripts.TC_Punekar_Cottons_Test_Cases" name="Verify_Punekar_Cottons_KwikPass_Login_modal_Verfication" time="8.023"/>
  <testcase classname="com.kwikpass.automation.scripts.TC_Punekar_Cottons_Test_Cases" name="Verify_Punekar_Cottons_KwikPass_Login_modal_Verfication_at_accountpage" time="9.078"/>
  <testcase classname="com.kwikpass.automation.scripts.TC_Punekar_Cottons_Test_Cases" name="Verify_Punekar_Cottons_KwikPass_icon_visibility" time="4.576"/>
  <testcase classname="com.kwikpass.automation.scripts.TC_Punekar_Cottons_Test_Cases" name="Verify_Punekar_Cottons_Kwikpass_login_Done_Redirect_to_accountpage" time="41.399"/>
  <testcase classname="com.kwikpass.automation.scripts.TC_Punekar_Cottons_Test_Cases" name="Verify_Punekar_Cottons_Kwikpass_login_from_AP_Done_Gokwik_login_should_happen" time="45.868"/>
  <testcase classname="com.kwikpass.automation.scripts.TC_Punekar_Cottons_Test_Cases" name="Verify_Punekar_Cottons_Kwikpass_login_from_AP_using_OTP_Via_SMS" time="28.162"/>
  <testcase classname="com.kwikpass.automation.scripts.TC_Punekar_Cottons_Test_Cases" name="Verify_Punekar_Cottons_Kwikpass_login_from_Login_Modal_Done_Gokwik_login_should_happen" time="36.248"/>
  <testcase classname="com.kwikpass.automation.scripts.TC_Punekar_Cottons_Test_Cases" name="Verify_Punekar_Cottons_Kwikpass_login_from_Login_Modal_using_OTP_Via_SMS" time="18.627"/>
  <testcase classname="com.kwikpass.automation.scripts.TC_Punekar_Cottons_Test_Cases" name="Verify_Punekar_Cottons_Shopify_login_and_session_creation_after_Kwikpass_login_from_AP" time="48.568"/>
  <testcase classname="com.kwikpass.automation.scripts.TC_Punekar_Cottons_Test_Cases" name="Verify_Punekar_Cottons_Shopify_login_and_session_creation_after_Kwikpass_login_from_Login_Modal" time="39.435"/>
</testsuite> <!-- Default test -->
