<?xml version="1.0" encoding="UTF-8"?>
<!-- Generated by org.testng.reporters.JUnitXMLReporter -->
<testsuite ignored="7" hostname="DESKTOP-26KO353" failures="1" tests="1" name="Default test" time="19.67" errors="0" timestamp="2024-04-21T12:33:16 IST">
  <testcase classname="com.kwikpass.automation.scripts.TC_AdilQadri_Test_Cases" name="Verify_AdilQadri_Shopify_login_and_session_creation_after_Kwikpass_login" time="17.346">
    <failure type="org.openqa.selenium.ElementClickInterceptedException" message="element click intercepted: Element &amp;lt;div style=&amp;quot;cursor: pointer;display: flex;&amp;quot; onclick=&amp;quot;handleDrawer1()&amp;quot; id=&amp;quot;icon-kwikpass&amp;quot;&amp;gt;...&amp;lt;/div&amp;gt; is not clickable at point (1439, 38). Other element would receive the click: &amp;lt;iframe src=&amp;quot;https://pdp.gokwik.co/kwikpass/kwikpass.html&amp;quot; title=&amp;quot;&amp;quot; allow=&amp;quot;otp-credentials&amp;quot; class=&amp;quot;iframe-kp&amp;quot; id=&amp;quot;iframe-kp&amp;quot; style=&amp;quot;width: 100%&amp;quot; cd_frame_id_=&amp;quot;3d0dc7531030ed068f499e85d86ac4bb&amp;quot;&amp;gt;&amp;lt;/iframe&amp;gt;
  (Session info: chrome=124.0.6367.61)
Build info: version: &amp;apos;4.19.1&amp;apos;, revision: &amp;apos;abe0ee07dc&amp;apos;
System info: os.name: &amp;apos;Windows 11&amp;apos;, os.arch: &amp;apos;amd64&amp;apos;, os.version: &amp;apos;10.0&amp;apos;, java.version: &amp;apos;21.0.1&amp;apos;
Driver info: org.openqa.selenium.chrome.ChromeDriver
Command: [4fd3557f2ade8129b7c406423f06946f, clickElement {id=f.C014AAB21352E36E8D73511D7ECC6086.d.6DED12DE24C6B1FB8229A2F8CCD071B4.e.54}]
Capabilities {acceptInsecureCerts: false, browserName: chrome, browserVersion: 124.0.6367.61, chrome: {chromedriverVersion: 123.0.6312.122 (31f8248cdd9..., userDataDir: C:\Users\user\AppData\Local...}, fedcm:accounts: true, goog:chromeOptions: {debuggerAddress: localhost:52903}, networkConnectionEnabled: false, pageLoadStrategy: normal, platformName: windows, proxy: Proxy(), se:cdp: ws://localhost:52903/devtoo..., se:cdpVersion: 124.0.6367.61, setWindowRect: true, strictFileInteractability: false, timeouts: {implicit: 0, pageLoad: 300000, script: 30000}, unhandledPromptBehavior: dismiss and notify, webauthn:extension:credBlob: true, webauthn:extension:largeBlob: true, webauthn:extension:minPinLength: true, webauthn:extension:prf: true, webauthn:virtualAuthenticators: true}
Element: [[ChromeDriver: chrome on windows (4fd3557f2ade8129b7c406423f06946f)] -&amp;gt; id: icon-kwikpass]
Session ID: 4fd3557f2ade8129b7c406423f06946f">
      <![CDATA[org.openqa.selenium.ElementClickInterceptedException: element click intercepted: Element <div style="cursor: pointer;display: flex;" onclick="handleDrawer1()" id="icon-kwikpass">...</div> is not clickable at point (1439, 38). Other element would receive the click: <iframe src="https://pdp.gokwik.co/kwikpass/kwikpass.html" title="" allow="otp-credentials" class="iframe-kp" id="iframe-kp" style="width: 100%" cd_frame_id_="3d0dc7531030ed068f499e85d86ac4bb"></iframe>
  (Session info: chrome=124.0.6367.61)
Build info: version: '4.19.1', revision: 'abe0ee07dc'
System info: os.name: 'Windows 11', os.arch: 'amd64', os.version: '10.0', java.version: '21.0.1'
Driver info: org.openqa.selenium.chrome.ChromeDriver
Command: [4fd3557f2ade8129b7c406423f06946f, clickElement {id=f.C014AAB21352E36E8D73511D7ECC6086.d.6DED12DE24C6B1FB8229A2F8CCD071B4.e.54}]
Capabilities {acceptInsecureCerts: false, browserName: chrome, browserVersion: 124.0.6367.61, chrome: {chromedriverVersion: 123.0.6312.122 (31f8248cdd9..., userDataDir: C:\Users\user\AppData\Local...}, fedcm:accounts: true, goog:chromeOptions: {debuggerAddress: localhost:52903}, networkConnectionEnabled: false, pageLoadStrategy: normal, platformName: windows, proxy: Proxy(), se:cdp: ws://localhost:52903/devtoo..., se:cdpVersion: 124.0.6367.61, setWindowRect: true, strictFileInteractability: false, timeouts: {implicit: 0, pageLoad: 300000, script: 30000}, unhandledPromptBehavior: dismiss and notify, webauthn:extension:credBlob: true, webauthn:extension:largeBlob: true, webauthn:extension:minPinLength: true, webauthn:extension:prf: true, webauthn:virtualAuthenticators: true}
Element: [[ChromeDriver: chrome on windows (4fd3557f2ade8129b7c406423f06946f)] -> id: icon-kwikpass]
Session ID: 4fd3557f2ade8129b7c406423f06946f
at java.base/jdk.internal.reflect.DirectConstructorHandleAccessor.newInstance(DirectConstructorHandleAccessor.java:62)
at java.base/java.lang.reflect.Constructor.newInstanceWithCaller(Constructor.java:502)
at java.base/java.lang.reflect.Constructor.newInstance(Constructor.java:486)
at org.openqa.selenium.remote.ErrorCodec.decode(ErrorCodec.java:167)
at org.openqa.selenium.remote.codec.w3c.W3CHttpResponseCodec.decode(W3CHttpResponseCodec.java:138)
at org.openqa.selenium.remote.codec.w3c.W3CHttpResponseCodec.decode(W3CHttpResponseCodec.java:50)
at org.openqa.selenium.remote.HttpCommandExecutor.execute(HttpCommandExecutor.java:190)
at org.openqa.selenium.remote.service.DriverCommandExecutor.invokeExecute(DriverCommandExecutor.java:216)
at org.openqa.selenium.remote.service.DriverCommandExecutor.execute(DriverCommandExecutor.java:174)
at org.openqa.selenium.remote.RemoteWebDriver.execute(RemoteWebDriver.java:518)
at org.openqa.selenium.remote.RemoteWebElement.execute(RemoteWebElement.java:223)
at org.openqa.selenium.remote.RemoteWebElement.click(RemoteWebElement.java:76)
at com.kwikpass.automation.scripts.TC_AdilQadri_Test_Cases.Verify_AdilQadri_Shopify_login_and_session_creation_after_Kwikpass_login(TC_AdilQadri_Test_Cases.java:140)
at java.base/jdk.internal.reflect.DirectMethodHandleAccessor.invoke(DirectMethodHandleAccessor.java:103)
at java.base/java.lang.reflect.Method.invoke(Method.java:580)
at org.testng.internal.invokers.MethodInvocationHelper.invokeMethod(MethodInvocationHelper.java:139)
at org.testng.internal.invokers.TestInvoker.invokeMethod(TestInvoker.java:664)
at org.testng.internal.invokers.TestInvoker.invokeTestMethod(TestInvoker.java:228)
at org.testng.internal.invokers.MethodRunner.runInSequence(MethodRunner.java:63)
at org.testng.internal.invokers.TestInvoker$MethodInvocationAgent.invoke(TestInvoker.java:961)
at org.testng.internal.invokers.TestInvoker.invokeTestMethods(TestInvoker.java:201)
at org.testng.internal.invokers.TestMethodWorker.invokeTestMethods(TestMethodWorker.java:148)
at org.testng.internal.invokers.TestMethodWorker.run(TestMethodWorker.java:128)
at java.base/java.util.ArrayList.forEach(ArrayList.java:1596)
at org.testng.TestRunner.privateRun(TestRunner.java:819)
at org.testng.TestRunner.run(TestRunner.java:619)
at org.testng.SuiteRunner.runTest(SuiteRunner.java:443)
at org.testng.SuiteRunner.runSequentially(SuiteRunner.java:437)
at org.testng.SuiteRunner.privateRun(SuiteRunner.java:397)
at org.testng.SuiteRunner.run(SuiteRunner.java:336)
at org.testng.SuiteRunnerWorker.runSuite(SuiteRunnerWorker.java:52)
at org.testng.SuiteRunnerWorker.run(SuiteRunnerWorker.java:95)
at org.testng.TestNG.runSuitesSequentially(TestNG.java:1301)
at org.testng.TestNG.runSuitesLocally(TestNG.java:1228)
at org.testng.TestNG.runSuites(TestNG.java:1134)
at org.testng.TestNG.run(TestNG.java:1101)
at org.testng.remote.AbstractRemoteTestNG.run(AbstractRemoteTestNG.java:115)
at org.testng.remote.RemoteTestNG.initAndRun(RemoteTestNG.java:293)
at org.testng.remote.RemoteTestNG.main(RemoteTestNG.java:91)
]]>
    </failure>
  </testcase> <!-- Verify_AdilQadri_Shopify_login_and_session_creation_after_Kwikpass_login -->
  <testcase classname="com.kwikpass.automation.scripts.TC_AdilQadri_Test_Cases" name="Verify_AdilQadri_KwikPass_login_modal_verification" time="0.0">
    <ignored/>
  </testcase> <!-- Verify_AdilQadri_KwikPass_login_modal_verification -->
  <testcase classname="com.kwikpass.automation.scripts.TC_AdilQadri_Test_Cases" name="Verify_AdilQadri_Kwikpass_login_Done_Redirect_to_accountpage" time="0.0">
    <ignored/>
  </testcase> <!-- Verify_AdilQadri_Kwikpass_login_Done_Redirect_to_accountpage -->
  <testcase classname="com.kwikpass.automation.scripts.TC_AdilQadri_Test_Cases" name="Verify_AdilQadri_KwikPass_Login_modal_Verfication_at_accountpage" time="0.0">
    <ignored/>
  </testcase> <!-- Verify_AdilQadri_KwikPass_Login_modal_Verfication_at_accountpage -->
  <testcase classname="com.kwikpass.automation.scripts.TC_AdilQadri_Test_Cases" name="Verify_AdilQadri_Kwikpass_login_using_OTP_Via_SMS" time="0.0">
    <ignored/>
  </testcase> <!-- Verify_AdilQadri_Kwikpass_login_using_OTP_Via_SMS -->
  <testcase classname="com.kwikpass.automation.scripts.TC_AdilQadri_Test_Cases" name="Verify_AdilQadri_Kwikpass_login_Done_Gokwik_login_should_happen" time="0.0">
    <ignored/>
  </testcase> <!-- Verify_AdilQadri_Kwikpass_login_Done_Gokwik_login_should_happen -->
  <testcase classname="com.kwikpass.automation.scripts.TC_AdilQadri_Test_Cases" name="Verify_AdilQadri_KwikPass_Login_at_accountpage" time="0.0">
    <ignored/>
  </testcase> <!-- Verify_AdilQadri_KwikPass_Login_at_accountpage -->
  <testcase classname="com.kwikpass.automation.scripts.TC_AdilQadri_Test_Cases" name="Verify_AdilQadri_KwikPass_login_icon_Visibilty" time="0.0">
    <ignored/>
  </testcase> <!-- Verify_AdilQadri_KwikPass_login_icon_Visibilty -->
</testsuite> <!-- Default test -->
