<?xml version="1.0" encoding="UTF-8"?>
<!-- Generated by org.testng.reporters.JUnitXMLReporter -->
<testsuite ignored="4" hostname="DESKTOP-26KO353" failures="0" tests="1" name="Default test" time="10.016" errors="0" timestamp="2024-04-16T16:40:07 IST">
  <testcase classname="com.kwikpass.automation.scripts.TC_Beyours_Test_Cases" name="Verify_Beyours_KwikPass_login_modal_verification" time="7.88"/>
  <testcase classname="com.kwikpass.automation.scripts.TC_Beyours_Test_Cases" name="Verify_Beyours_Kwikpass_login_Done_Redirect_to_accountpage" time="0.0">
    <ignored/>
  </testcase> <!-- Verify_Beyours_Kwikpass_login_Done_Redirect_to_accountpage -->
  <testcase classname="com.kwikpass.automation.scripts.TC_Beyours_Test_Cases" name="Verify_Beyours_KwikPass_Login_modal_Verfication_at_accountpage" time="0.0">
    <ignored/>
  </testcase> <!-- Verify_Beyours_KwikPass_Login_modal_Verfication_at_accountpage -->
  <testcase classname="com.kwikpass.automation.scripts.TC_Beyours_Test_Cases" name="Verify_Beyours_KwikPass_Login_at_accountpage" time="0.0">
    <ignored/>
  </testcase> <!-- Verify_Beyours_KwikPass_Login_at_accountpage -->
  <testcase classname="com.kwikpass.automation.scripts.TC_Beyours_Test_Cases" name="Verify_Beyours_Shopify_login_and_session_creation_after_Kwikpass_login" time="0.0">
    <ignored/>
  </testcase> <!-- Verify_Beyours_Shopify_login_and_session_creation_after_Kwikpass_login -->
</testsuite> <!-- Default test -->
