<?xml version="1.0" encoding="UTF-8"?>
<!-- Generated by org.testng.reporters.JUnitXMLReporter -->
<testsuite ignored="14" hostname="DESKTOP-26KO353" failures="0" tests="1" name="Default test" time="44.69" errors="0" timestamp="2024-04-16T17:15:19 IST">
  <testcase classname="com.kwikpass.automation.scripts.TC_Puer_Test_Cases" name="Verify_Puer_Kwikpass_login_from_Login_Modal_Done_Gokwik_login_should_happen" time="40.535"/>
  <testcase classname="com.kwikpass.automation.scripts.TC_Puer_Test_Cases" name="Verify_Puer_Kwikpass_login_Done_Redirect_to_accountpage" time="0.0">
    <ignored/>
  </testcase> <!-- Verify_Puer_Kwikpass_login_Done_Redirect_to_accountpage -->
  <testcase classname="com.kwikpass.automation.scripts.TC_Puer_Test_Cases" name="Verify_Puer_KwikPass_AP_Visiblity_At_Collection_page" time="0.0">
    <ignored/>
  </testcase> <!-- Verify_Puer_KwikPass_AP_Visiblity_At_Collection_page -->
  <testcase classname="com.kwikpass.automation.scripts.TC_Puer_Test_Cases" name="Verify_Puer_Shopify_login_and_session_creation_after_Kwikpass_login_from_AP" time="0.0">
    <ignored/>
  </testcase> <!-- Verify_Puer_Shopify_login_and_session_creation_after_Kwikpass_login_from_AP -->
  <testcase classname="com.kwikpass.automation.scripts.TC_Puer_Test_Cases" name="Verify_Puer_KwikPass_Login_at_accountpage" time="0.0">
    <ignored/>
  </testcase> <!-- Verify_Puer_KwikPass_Login_at_accountpage -->
  <testcase classname="com.kwikpass.automation.scripts.TC_Puer_Test_Cases" name="Verify_Puer_Kwikpass_login_from_AP_using_OTP_Via_SMS" time="0.0">
    <ignored/>
  </testcase> <!-- Verify_Puer_Kwikpass_login_from_AP_using_OTP_Via_SMS -->
  <testcase classname="com.kwikpass.automation.scripts.TC_Puer_Test_Cases" name="Verify_Puer_KwikPass_Login_modal_Verfication" time="0.0">
    <ignored/>
  </testcase> <!-- Verify_Puer_KwikPass_Login_modal_Verfication -->
  <testcase classname="com.kwikpass.automation.scripts.TC_Puer_Test_Cases" name="Verify_Puer_KwikPass_Login_modal_Verfication_at_accountpage" time="0.0">
    <ignored/>
  </testcase> <!-- Verify_Puer_KwikPass_Login_modal_Verfication_at_accountpage -->
  <testcase classname="com.kwikpass.automation.scripts.TC_Puer_Test_Cases" name="Verify_Puer_KwikPass_AP_Visiblity_At_Home_page" time="0.0">
    <ignored/>
  </testcase> <!-- Verify_Puer_KwikPass_AP_Visiblity_At_Home_page -->
  <testcase classname="com.kwikpass.automation.scripts.TC_Puer_Test_Cases" name="Verify_Puer_KwikPass_icon_visibility" time="0.0">
    <ignored/>
  </testcase> <!-- Verify_Puer_KwikPass_icon_visibility -->
  <testcase classname="com.kwikpass.automation.scripts.TC_Puer_Test_Cases" name="Verify_Puer_Shopify_login_and_session_creation_after_Kwikpass_login_from_Login_Modal" time="0.0">
    <ignored/>
  </testcase> <!-- Verify_Puer_Shopify_login_and_session_creation_after_Kwikpass_login_from_Login_Modal -->
  <testcase classname="com.kwikpass.automation.scripts.TC_Puer_Test_Cases" name="Verify_Puer_Kwikpass_login_from_Login_Modal_using_OTP_Via_SMS" time="0.0">
    <ignored/>
  </testcase> <!-- Verify_Puer_Kwikpass_login_from_Login_Modal_using_OTP_Via_SMS -->
  <testcase classname="com.kwikpass.automation.scripts.TC_Puer_Test_Cases" name="Verify_Puer_Kwikpass_login_from_AP_Done_Gokwik_login_should_happen" time="0.0">
    <ignored/>
  </testcase> <!-- Verify_Puer_Kwikpass_login_from_AP_Done_Gokwik_login_should_happen -->
  <testcase classname="com.kwikpass.automation.scripts.TC_Puer_Test_Cases" name="Verify_Puer_KwikPass_AP_Visiblity_At_PDP_page" time="0.0">
    <ignored/>
  </testcase> <!-- Verify_Puer_KwikPass_AP_Visiblity_At_PDP_page -->
  <testcase classname="com.kwikpass.automation.scripts.TC_Puer_Test_Cases" name="Verify_Puer_KwikPass_AP_modal_Verfication" time="0.0">
    <ignored/>
  </testcase> <!-- Verify_Puer_KwikPass_AP_modal_Verfication -->
</testsuite> <!-- Default test -->
