<?xml version="1.0" encoding="UTF-8"?>
<!-- Generated by org.testng.reporters.JUnitXMLReporter -->
<testsuite ignored="63" hostname="DESKTOP-I2540TH" failures="0" tests="1" name="Default test" time="17.633" errors="0" timestamp="2024-03-09T22:01:25 IST">
  <testcase classname="com.kwikpass.dailycheck.All_Live_Merchant_Shopify_login_and_session_creation_after_Kwikpass_login_daily_check" name="Verify_Karagiri_KwikPass_Login_at_accountpage" time="15.449"/>
  <testcase classname="com.kwikpass.dailycheck.All_Live_Merchant_Shopify_login_and_session_creation_after_Kwikpass_login_daily_check" name="Verify_Includ_Shopify_login_and_session_creation_after_Kwikpass_login" time="0.0">
    <ignored/>
  </testcase> <!-- Verify_Includ_Shopify_login_and_session_creation_after_Kwikpass_login -->
  <testcase classname="com.kwikpass.dailycheck.All_Live_Merchant_Shopify_login_and_session_creation_after_Kwikpass_login_daily_check" name="Verify_Bersache_Shopify_login_and_session_creation_after_Kwikpass_login" time="0.0">
    <ignored/>
  </testcase> <!-- Verify_Bersache_Shopify_login_and_session_creation_after_Kwikpass_login -->
  <testcase classname="com.kwikpass.dailycheck.All_Live_Merchant_Shopify_login_and_session_creation_after_Kwikpass_login_daily_check" name="Verify_Punekar_Cotton_Shopify_login_and_session_creation_after_Kwikpass_login" time="0.0">
    <ignored/>
  </testcase> <!-- Verify_Punekar_Cotton_Shopify_login_and_session_creation_after_Kwikpass_login -->
  <testcase classname="com.kwikpass.dailycheck.All_Live_Merchant_Shopify_login_and_session_creation_after_Kwikpass_login_daily_check" name="Verify_Saadaa_Shopify_login_and_session_creation_after_Kwikpass_login_from_Login_Modal" time="0.0">
    <ignored/>
  </testcase> <!-- Verify_Saadaa_Shopify_login_and_session_creation_after_Kwikpass_login_from_Login_Modal -->
  <testcase classname="com.kwikpass.dailycheck.All_Live_Merchant_Shopify_login_and_session_creation_after_Kwikpass_login_daily_check" name="Verify_Freakins_Shopify_login_and_session_creation_after_Kwikpass_login" time="0.0">
    <ignored/>
  </testcase> <!-- Verify_Freakins_Shopify_login_and_session_creation_after_Kwikpass_login -->
  <testcase classname="com.kwikpass.dailycheck.All_Live_Merchant_Shopify_login_and_session_creation_after_Kwikpass_login_daily_check" name="Verify_MyWishCare_Shopify_login_and_session_creation_after_Kwikpass_login" time="0.0">
    <ignored/>
  </testcase> <!-- Verify_MyWishCare_Shopify_login_and_session_creation_after_Kwikpass_login -->
  <testcase classname="com.kwikpass.dailycheck.All_Live_Merchant_Shopify_login_and_session_creation_after_Kwikpass_login_daily_check" name="Verify_Urbangabru_Shopify_login_and_session_creation_after_Kwikpass_login" time="0.0">
    <ignored/>
  </testcase> <!-- Verify_Urbangabru_Shopify_login_and_session_creation_after_Kwikpass_login -->
  <testcase classname="com.kwikpass.dailycheck.All_Live_Merchant_Shopify_login_and_session_creation_after_Kwikpass_login_daily_check" name="Verify_Foxtale_Shopify_login_and_session_creation_after_Kwikpass_login" time="0.0">
    <ignored/>
  </testcase> <!-- Verify_Foxtale_Shopify_login_and_session_creation_after_Kwikpass_login -->
  <testcase classname="com.kwikpass.dailycheck.All_Live_Merchant_Shopify_login_and_session_creation_after_Kwikpass_login_daily_check" name="Verify_Whatsup_Wellness_Shopify_login_and_session_creation_after_Kwikpass_login" time="0.0">
    <ignored/>
  </testcase> <!-- Verify_Whatsup_Wellness_Shopify_login_and_session_creation_after_Kwikpass_login -->
  <testcase classname="com.kwikpass.dailycheck.All_Live_Merchant_Shopify_login_and_session_creation_after_Kwikpass_login_daily_check" name="Verify_GBT_Shopify_login_and_session_creation_after_Kwikpass_login" time="0.0">
    <ignored/>
  </testcase> <!-- Verify_GBT_Shopify_login_and_session_creation_after_Kwikpass_login -->
  <testcase classname="com.kwikpass.dailycheck.All_Live_Merchant_Shopify_login_and_session_creation_after_Kwikpass_login_daily_check" name="Verify_Grandmaa_Secret_Shopify_login_and_session_creation_after_Kwikpass_login" time="0.0">
    <ignored/>
  </testcase> <!-- Verify_Grandmaa_Secret_Shopify_login_and_session_creation_after_Kwikpass_login -->
  <testcase classname="com.kwikpass.dailycheck.All_Live_Merchant_Shopify_login_and_session_creation_after_Kwikpass_login_daily_check" name="Verfiy_Pinkfort_Shopify_login_and_session_creation_after_Kwikpass_login" time="0.0">
    <ignored/>
  </testcase> <!-- Verfiy_Pinkfort_Shopify_login_and_session_creation_after_Kwikpass_login -->
  <testcase classname="com.kwikpass.dailycheck.All_Live_Merchant_Shopify_login_and_session_creation_after_Kwikpass_login_daily_check" name="Verify_Amydus_Shopify_login_and_session_creation_after_Kwikpass_login" time="0.0">
    <ignored/>
  </testcase> <!-- Verify_Amydus_Shopify_login_and_session_creation_after_Kwikpass_login -->
  <testcase classname="com.kwikpass.dailycheck.All_Live_Merchant_Shopify_login_and_session_creation_after_Kwikpass_login_daily_check" name="Verify_Yoho_LifeStyle_Shopify_login_and_session_creation_after_Kwikpass_login" time="0.0">
    <ignored/>
  </testcase> <!-- Verify_Yoho_LifeStyle_Shopify_login_and_session_creation_after_Kwikpass_login -->
  <testcase classname="com.kwikpass.dailycheck.All_Live_Merchant_Shopify_login_and_session_creation_after_Kwikpass_login_daily_check" name="Verify_LotusBotanical_Shopify_login_and_session_creation_after_Kwikpass_login" time="0.0">
    <ignored/>
  </testcase> <!-- Verify_LotusBotanical_Shopify_login_and_session_creation_after_Kwikpass_login -->
  <testcase classname="com.kwikpass.dailycheck.All_Live_Merchant_Shopify_login_and_session_creation_after_Kwikpass_login_daily_check" name="Verify_Organic_Bazaar_Shopify_login_and_session_creation_after_Kwikpass_login_from_Login_Modal" time="0.0">
    <ignored/>
  </testcase> <!-- Verify_Organic_Bazaar_Shopify_login_and_session_creation_after_Kwikpass_login_from_Login_Modal -->
  <testcase classname="com.kwikpass.dailycheck.All_Live_Merchant_Shopify_login_and_session_creation_after_Kwikpass_login_daily_check" name="Verify_Ritualistic_Shopify_login_and_session_creation_after_Kwikpass_login_from_Login_Modal" time="0.0">
    <ignored/>
  </testcase> <!-- Verify_Ritualistic_Shopify_login_and_session_creation_after_Kwikpass_login_from_Login_Modal -->
  <testcase classname="com.kwikpass.dailycheck.All_Live_Merchant_Shopify_login_and_session_creation_after_Kwikpass_login_daily_check" name="Verify_Swiss_Beauty_Shopify_login_and_session_creation_after_Kwikpass_login" time="0.0">
    <ignored/>
  </testcase> <!-- Verify_Swiss_Beauty_Shopify_login_and_session_creation_after_Kwikpass_login -->
  <testcase classname="com.kwikpass.dailycheck.All_Live_Merchant_Shopify_login_and_session_creation_after_Kwikpass_login_daily_check" name="Verify_MyFitness_Shopify_login_and_session_creation_after_Kwikpass_login" time="0.0">
    <ignored/>
  </testcase> <!-- Verify_MyFitness_Shopify_login_and_session_creation_after_Kwikpass_login -->
  <testcase classname="com.kwikpass.dailycheck.All_Live_Merchant_Shopify_login_and_session_creation_after_Kwikpass_login_daily_check" name="Verify_Hause_And_Kinder_Shopify_login_and_session_creation_after_Kwikpass_login_from_Login_Modal" time="0.0">
    <ignored/>
  </testcase> <!-- Verify_Hause_And_Kinder_Shopify_login_and_session_creation_after_Kwikpass_login_from_Login_Modal -->
  <testcase classname="com.kwikpass.dailycheck.All_Live_Merchant_Shopify_login_and_session_creation_after_Kwikpass_login_daily_check" name="Verify_Levis_Shopify_login_and_session_creation_after_Kwikpass_login" time="0.0">
    <ignored/>
  </testcase> <!-- Verify_Levis_Shopify_login_and_session_creation_after_Kwikpass_login -->
  <testcase classname="com.kwikpass.dailycheck.All_Live_Merchant_Shopify_login_and_session_creation_after_Kwikpass_login_daily_check" name="Verify_Xctasy_KwikPass_Login_at_accountpage" time="0.0">
    <ignored/>
  </testcase> <!-- Verify_Xctasy_KwikPass_Login_at_accountpage -->
  <testcase classname="com.kwikpass.dailycheck.All_Live_Merchant_Shopify_login_and_session_creation_after_Kwikpass_login_daily_check" name="Verify_Soul_Flower_KwikPass_Login_at_accountpage" time="0.0">
    <ignored/>
  </testcase> <!-- Verify_Soul_Flower_KwikPass_Login_at_accountpage -->
  <testcase classname="com.kwikpass.dailycheck.All_Live_Merchant_Shopify_login_and_session_creation_after_Kwikpass_login_daily_check" name="Verify_True_Elements_Shopify_login_and_session_creation_after_Kwikpass_login_from_Login_Modal" time="0.0">
    <ignored/>
  </testcase> <!-- Verify_True_Elements_Shopify_login_and_session_creation_after_Kwikpass_login_from_Login_Modal -->
  <testcase classname="com.kwikpass.dailycheck.All_Live_Merchant_Shopify_login_and_session_creation_after_Kwikpass_login_daily_check" name="Verify_FireBoltt_Shopify_login_and_session_creation_after_Kwikpass_login" time="0.0">
    <ignored/>
  </testcase> <!-- Verify_FireBoltt_Shopify_login_and_session_creation_after_Kwikpass_login -->
  <testcase classname="com.kwikpass.dailycheck.All_Live_Merchant_Shopify_login_and_session_creation_after_Kwikpass_login_daily_check" name="Verify_Just_Herbs_Shopify_login_and_session_creation_after_Kwikpass_login" time="0.0">
    <ignored/>
  </testcase> <!-- Verify_Just_Herbs_Shopify_login_and_session_creation_after_Kwikpass_login -->
  <testcase classname="com.kwikpass.dailycheck.All_Live_Merchant_Shopify_login_and_session_creation_after_Kwikpass_login_daily_check" name="Verify_AdilQadri_Shopify_login_and_session_creation_after_Kwikpass_login" time="0.0">
    <ignored/>
  </testcase> <!-- Verify_AdilQadri_Shopify_login_and_session_creation_after_Kwikpass_login -->
  <testcase classname="com.kwikpass.dailycheck.All_Live_Merchant_Shopify_login_and_session_creation_after_Kwikpass_login_daily_check" name="Verify_Krishnaayurved_Shopify_login_and_session_creation_after_Kwikpass_login" time="0.0">
    <ignored/>
  </testcase> <!-- Verify_Krishnaayurved_Shopify_login_and_session_creation_after_Kwikpass_login -->
  <testcase classname="com.kwikpass.dailycheck.All_Live_Merchant_Shopify_login_and_session_creation_after_Kwikpass_login_daily_check" name="Verify_Sereko_Shopify_login_and_session_creation_after_Kwikpass_login_from_Login_Modal" time="0.0">
    <ignored/>
  </testcase> <!-- Verify_Sereko_Shopify_login_and_session_creation_after_Kwikpass_login_from_Login_Modal -->
  <testcase classname="com.kwikpass.dailycheck.All_Live_Merchant_Shopify_login_and_session_creation_after_Kwikpass_login_daily_check" name="Verify_Puer_Shopify_login_and_session_creation_after_Kwikpass_login_from_Login_Modal" time="0.0">
    <ignored/>
  </testcase> <!-- Verify_Puer_Shopify_login_and_session_creation_after_Kwikpass_login_from_Login_Modal -->
  <testcase classname="com.kwikpass.dailycheck.All_Live_Merchant_Shopify_login_and_session_creation_after_Kwikpass_login_daily_check" name="Verify_Bombae_Shopify_login_and_session_creation_after_Kwikpass_login" time="0.0">
    <ignored/>
  </testcase> <!-- Verify_Bombae_Shopify_login_and_session_creation_after_Kwikpass_login -->
  <testcase classname="com.kwikpass.dailycheck.All_Live_Merchant_Shopify_login_and_session_creation_after_Kwikpass_login_daily_check" name="Verify_Eyewearlabs_Shopify_login_and_session_creation_after_Kwikpass_login" time="0.0">
    <ignored/>
  </testcase> <!-- Verify_Eyewearlabs_Shopify_login_and_session_creation_after_Kwikpass_login -->
  <testcase classname="com.kwikpass.dailycheck.All_Live_Merchant_Shopify_login_and_session_creation_after_Kwikpass_login_daily_check" name="Verify_Blue_island_Shopify_login_and_session_creation_after_Kwikpass_login" time="0.0">
    <ignored/>
  </testcase> <!-- Verify_Blue_island_Shopify_login_and_session_creation_after_Kwikpass_login -->
  <testcase classname="com.kwikpass.dailycheck.All_Live_Merchant_Shopify_login_and_session_creation_after_Kwikpass_login_daily_check" name="Verify_Hammer_Shopify_login_and_session_creation_after_Kwikpass_login" time="0.0">
    <ignored/>
  </testcase> <!-- Verify_Hammer_Shopify_login_and_session_creation_after_Kwikpass_login -->
  <testcase classname="com.kwikpass.dailycheck.All_Live_Merchant_Shopify_login_and_session_creation_after_Kwikpass_login_daily_check" name="Verify_HOK_Shopify_login_and_session_creation_after_Kwikpass_login" time="0.0">
    <ignored/>
  </testcase> <!-- Verify_HOK_Shopify_login_and_session_creation_after_Kwikpass_login -->
  <testcase classname="com.kwikpass.dailycheck.All_Live_Merchant_Shopify_login_and_session_creation_after_Kwikpass_login_daily_check" name="Verify_Clensta_Shopify_login_and_session_creation_after_Kwikpass_login" time="0.0">
    <ignored/>
  </testcase> <!-- Verify_Clensta_Shopify_login_and_session_creation_after_Kwikpass_login -->
  <testcase classname="com.kwikpass.dailycheck.All_Live_Merchant_Shopify_login_and_session_creation_after_Kwikpass_login_daily_check" name="Verify_Plum_Goodness_Shopify_login_and_session_creation_after_Kwikpass_login_from_Login_Modal" time="0.0">
    <ignored/>
  </testcase> <!-- Verify_Plum_Goodness_Shopify_login_and_session_creation_after_Kwikpass_login_from_Login_Modal -->
  <testcase classname="com.kwikpass.dailycheck.All_Live_Merchant_Shopify_login_and_session_creation_after_Kwikpass_login_daily_check" name="Verify_Heelium_Shopify_login_and_session_creation_after_Kwikpass_login_from_Login_Modal" time="0.0">
    <ignored/>
  </testcase> <!-- Verify_Heelium_Shopify_login_and_session_creation_after_Kwikpass_login_from_Login_Modal -->
  <testcase classname="com.kwikpass.dailycheck.All_Live_Merchant_Shopify_login_and_session_creation_after_Kwikpass_login_daily_check" name="Verify_Mivi_Shopify_login_and_session_creation_after_Kwikpass_login" time="0.0">
    <ignored/>
  </testcase> <!-- Verify_Mivi_Shopify_login_and_session_creation_after_Kwikpass_login -->
  <testcase classname="com.kwikpass.dailycheck.All_Live_Merchant_Shopify_login_and_session_creation_after_Kwikpass_login_daily_check" name="Verify_Dot_And_Key_Shopify_login_and_session_creation_after_Kwikpass_login_from_Login_Modal" time="0.0">
    <ignored/>
  </testcase> <!-- Verify_Dot_And_Key_Shopify_login_and_session_creation_after_Kwikpass_login_from_Login_Modal -->
  <testcase classname="com.kwikpass.dailycheck.All_Live_Merchant_Shopify_login_and_session_creation_after_Kwikpass_login_daily_check" name="Verify_Luxaderme_Shopify_login_and_session_creation_after_Kwikpass_login" time="0.0">
    <ignored/>
  </testcase> <!-- Verify_Luxaderme_Shopify_login_and_session_creation_after_Kwikpass_login -->
  <testcase classname="com.kwikpass.dailycheck.All_Live_Merchant_Shopify_login_and_session_creation_after_Kwikpass_login_daily_check" name="Verify_Italian_Colony_Shopify_login_and_session_creation_after_Kwikpass_login_from_Login_Modal" time="0.0">
    <ignored/>
  </testcase> <!-- Verify_Italian_Colony_Shopify_login_and_session_creation_after_Kwikpass_login_from_Login_Modal -->
  <testcase classname="com.kwikpass.dailycheck.All_Live_Merchant_Shopify_login_and_session_creation_after_Kwikpass_login_daily_check" name="Verify_Silvertraq_Shopify_login_and_session_creation_after_Kwikpass_login_from_Login_Modal" time="0.0">
    <ignored/>
  </testcase> <!-- Verify_Silvertraq_Shopify_login_and_session_creation_after_Kwikpass_login_from_Login_Modal -->
  <testcase classname="com.kwikpass.dailycheck.All_Live_Merchant_Shopify_login_and_session_creation_after_Kwikpass_login_daily_check" name="Verify_Dennis_Lingo_Shopify_login_and_session_creation_after_Kwikpass_login" time="0.0">
    <ignored/>
  </testcase> <!-- Verify_Dennis_Lingo_Shopify_login_and_session_creation_after_Kwikpass_login -->
  <testcase classname="com.kwikpass.dailycheck.All_Live_Merchant_Shopify_login_and_session_creation_after_Kwikpass_login_daily_check" name="Verify_Assembly_Shopify_login_and_session_creation_after_Kwikpass_login_from_Login_Modal" time="0.0">
    <ignored/>
  </testcase> <!-- Verify_Assembly_Shopify_login_and_session_creation_after_Kwikpass_login_from_Login_Modal -->
  <testcase classname="com.kwikpass.dailycheck.All_Live_Merchant_Shopify_login_and_session_creation_after_Kwikpass_login_daily_check" name="Verify_Formen_Shopify_login_and_session_creation_after_Kwikpass_login" time="0.0">
    <ignored/>
  </testcase> <!-- Verify_Formen_Shopify_login_and_session_creation_after_Kwikpass_login -->
  <testcase classname="com.kwikpass.dailycheck.All_Live_Merchant_Shopify_login_and_session_creation_after_Kwikpass_login_daily_check" name="Verify_UrbanJungle_Shopify_login_and_session_creation_after_Kwikpass_login_from_Login_Modal" time="0.0">
    <ignored/>
  </testcase> <!-- Verify_UrbanJungle_Shopify_login_and_session_creation_after_Kwikpass_login_from_Login_Modal -->
  <testcase classname="com.kwikpass.dailycheck.All_Live_Merchant_Shopify_login_and_session_creation_after_Kwikpass_login_daily_check" name="Verify_Weryze_Shopify_login_and_session_creation_after_Kwikpass_login" time="0.0">
    <ignored/>
  </testcase> <!-- Verify_Weryze_Shopify_login_and_session_creation_after_Kwikpass_login -->
  <testcase classname="com.kwikpass.dailycheck.All_Live_Merchant_Shopify_login_and_session_creation_after_Kwikpass_login_daily_check" name="Verify_TheLoveCO_Shopify_login_and_session_creation_after_Kwikpass_login_from_Login_Modal" time="0.0">
    <ignored/>
  </testcase> <!-- Verify_TheLoveCO_Shopify_login_and_session_creation_after_Kwikpass_login_from_Login_Modal -->
  <testcase classname="com.kwikpass.dailycheck.All_Live_Merchant_Shopify_login_and_session_creation_after_Kwikpass_login_daily_check" name="Verify_BSC_Shopify_login_and_session_creation_after_Kwikpass_login" time="0.0">
    <ignored/>
  </testcase> <!-- Verify_BSC_Shopify_login_and_session_creation_after_Kwikpass_login -->
  <testcase classname="com.kwikpass.dailycheck.All_Live_Merchant_Shopify_login_and_session_creation_after_Kwikpass_login_daily_check" name="Verify_MiGlow_Shopify_login_and_session_creation_after_Kwikpass_login_from_Login_Modal" time="0.0">
    <ignored/>
  </testcase> <!-- Verify_MiGlow_Shopify_login_and_session_creation_after_Kwikpass_login_from_Login_Modal -->
  <testcase classname="com.kwikpass.dailycheck.All_Live_Merchant_Shopify_login_and_session_creation_after_Kwikpass_login_daily_check" name="Verify_Stickitup_Shopify_login_and_session_creation_after_Kwikpass_login" time="0.0">
    <ignored/>
  </testcase> <!-- Verify_Stickitup_Shopify_login_and_session_creation_after_Kwikpass_login -->
  <testcase classname="com.kwikpass.dailycheck.All_Live_Merchant_Shopify_login_and_session_creation_after_Kwikpass_login_daily_check" name="Verify_Portronics_Shopify_login_and_session_creation_after_Kwikpass_login" time="0.0">
    <ignored/>
  </testcase> <!-- Verify_Portronics_Shopify_login_and_session_creation_after_Kwikpass_login -->
  <testcase classname="com.kwikpass.dailycheck.All_Live_Merchant_Shopify_login_and_session_creation_after_Kwikpass_login_daily_check" name="Verify_Guniaa_Shopify_login_and_session_creation_after_Kwikpass_login_From_Login_Modal" time="0.0">
    <ignored/>
  </testcase> <!-- Verify_Guniaa_Shopify_login_and_session_creation_after_Kwikpass_login_From_Login_Modal -->
  <testcase classname="com.kwikpass.dailycheck.All_Live_Merchant_Shopify_login_and_session_creation_after_Kwikpass_login_daily_check" name="Verify_Gritstones_Shopify_login_and_session_creation_after_Kwikpass_login" time="0.0">
    <ignored/>
  </testcase> <!-- Verify_Gritstones_Shopify_login_and_session_creation_after_Kwikpass_login -->
  <testcase classname="com.kwikpass.dailycheck.All_Live_Merchant_Shopify_login_and_session_creation_after_Kwikpass_login_daily_check" name="Verify_Nurserylive_Pune_Shopify_login_and_session_creation_after_Kwikpass_login" time="0.0">
    <ignored/>
  </testcase> <!-- Verify_Nurserylive_Pune_Shopify_login_and_session_creation_after_Kwikpass_login -->
  <testcase classname="com.kwikpass.dailycheck.All_Live_Merchant_Shopify_login_and_session_creation_after_Kwikpass_login_daily_check" name="Verify_Photo_Jewels_Shopify_login_and_session_creation_after_Kwikpass_login_from_Login_Modal" time="0.0">
    <ignored/>
  </testcase> <!-- Verify_Photo_Jewels_Shopify_login_and_session_creation_after_Kwikpass_login_from_Login_Modal -->
  <testcase classname="com.kwikpass.dailycheck.All_Live_Merchant_Shopify_login_and_session_creation_after_Kwikpass_login_daily_check" name="Verify_HOM_Shopify_login_and_session_creation_after_Kwikpass_login_from_Login_Modal" time="0.0">
    <ignored/>
  </testcase> <!-- Verify_HOM_Shopify_login_and_session_creation_after_Kwikpass_login_from_Login_Modal -->
  <testcase classname="com.kwikpass.dailycheck.All_Live_Merchant_Shopify_login_and_session_creation_after_Kwikpass_login_daily_check" name="Verify_GenieBags_Shopify_login_and_session_creation_after_Kwikpass_login_from_Login_Modal" time="0.0">
    <ignored/>
  </testcase> <!-- Verify_GenieBags_Shopify_login_and_session_creation_after_Kwikpass_login_from_Login_Modal -->
  <testcase classname="com.kwikpass.dailycheck.All_Live_Merchant_Shopify_login_and_session_creation_after_Kwikpass_login_daily_check" name="Verify_TheHatke_Shopify_login_and_session_creation_after_Kwikpass_login_from_Login_Modal" time="0.0">
    <ignored/>
  </testcase> <!-- Verify_TheHatke_Shopify_login_and_session_creation_after_Kwikpass_login_from_Login_Modal -->
  <testcase classname="com.kwikpass.dailycheck.All_Live_Merchant_Shopify_login_and_session_creation_after_Kwikpass_login_daily_check" name="Verify_Nobero_Shopify_Login_and_session_creation_Ater_Kwikpass_Login" time="0.0">
    <ignored/>
  </testcase> <!-- Verify_Nobero_Shopify_Login_and_session_creation_Ater_Kwikpass_Login -->
  <testcase classname="com.kwikpass.dailycheck.All_Live_Merchant_Shopify_login_and_session_creation_after_Kwikpass_login_daily_check" name="Verify_BlueTyga_Shopify_login_and_session_creation_after_Kwikpass_login" time="0.0">
    <ignored/>
  </testcase> <!-- Verify_BlueTyga_Shopify_login_and_session_creation_after_Kwikpass_login -->
  <testcase classname="com.kwikpass.dailycheck.All_Live_Merchant_Shopify_login_and_session_creation_after_Kwikpass_login_daily_check" name="Verify_SafariBags_Shopify_login_and_session_creation_after_Kwikpass_login" time="0.0">
    <ignored/>
  </testcase> <!-- Verify_SafariBags_Shopify_login_and_session_creation_after_Kwikpass_login -->
</testsuite> <!-- Default test -->
