<?xml version="1.0" encoding="UTF-8"?>
<!-- Generated by org.testng.reporters.JUnitXMLReporter -->
<testsuite ignored="7" hostname="DESKTOP-26KO353" failures="0" tests="1" name="Default test" time="41.894" errors="0" timestamp="2024-04-16T11:43:28 IST">
  <testcase classname="com.kwikpass.automation.scripts.TC_Matural_Test_Cases" name="Verify_Matural_Kwikpass_login_using_OTP_Via_SMS_from_Rewards" time="38.734"/>
  <testcase classname="com.kwikpass.automation.scripts.TC_Matural_Test_Cases" name="Verify_Matural_KwikPass_Login_modal_Verfication_at_accountpage" time="0.0">
    <ignored/>
  </testcase> <!-- Verify_Matural_KwikPass_Login_modal_Verfication_at_accountpage -->
  <testcase classname="com.kwikpass.automation.scripts.TC_Matural_Test_Cases" name="Verify_Matural_KwikPass_Login_Using_OTP_Via_SMS" time="0.0">
    <ignored/>
  </testcase> <!-- Verify_Matural_KwikPass_Login_Using_OTP_Via_SMS -->
  <testcase classname="com.kwikpass.automation.scripts.TC_Matural_Test_Cases" name="Verify_Matural_KwikPass_Login_at_accountpage" time="0.0">
    <ignored/>
  </testcase> <!-- Verify_Matural_KwikPass_Login_at_accountpage -->
  <testcase classname="com.kwikpass.automation.scripts.TC_Matural_Test_Cases" name="Verify_Matural_Shopify_Login_and_session_creation_Ater_Kwikpass_Login" time="0.0">
    <ignored/>
  </testcase> <!-- Verify_Matural_Shopify_Login_and_session_creation_Ater_Kwikpass_Login -->
  <testcase classname="com.kwikpass.automation.scripts.TC_Matural_Test_Cases" name="Verify_Matural_Kwikpass_login_Done_Redirect_to_accountpage" time="0.0">
    <ignored/>
  </testcase> <!-- Verify_Matural_Kwikpass_login_Done_Redirect_to_accountpage -->
  <testcase classname="com.kwikpass.automation.scripts.TC_Matural_Test_Cases" name="Verify_Matural_KwikPass_icon_visibility_Login_modal_verification" time="0.0">
    <ignored/>
  </testcase> <!-- Verify_Matural_KwikPass_icon_visibility_Login_modal_verification -->
  <testcase classname="com.kwikpass.automation.scripts.TC_Matural_Test_Cases" name="Verify_Matural_Kwikpass_login_Done_Gokwik_login_should_happen" time="0.0">
    <ignored/>
  </testcase> <!-- Verify_Matural_Kwikpass_login_Done_Gokwik_login_should_happen -->
</testsuite> <!-- Default test -->
