<?xml version="1.0" encoding="UTF-8"?>
<!-- Generated by org.testng.reporters.JUnitXMLReporter -->
<testsuite ignored="0" hostname="DESKTOP-H9LKQ9C" failures="0" tests="9" name="Default test" time="217.5" errors="0" timestamp="2024-03-20T12:50:44 IST">
  <testcase classname="com.kwikpass.automation.scripts.TC_Chemistry_India_Test_Cases" name="Verify_Chemistry_India_KwikPass_login_icon_Visibilty" time="10.914"/>
  <testcase classname="com.kwikpass.automation.scripts.TC_Chemistry_India_Test_Cases" name="Verify_Chemistry_India_KwikPass_login_modal_verification" time="12.211"/>
  <testcase classname="com.kwikpass.automation.scripts.TC_Chemistry_India_Test_Cases" name="Verify_Chemistry_India_KwikPass_login_modal_verification_from_accountpage" time="6.452"/>
  <testcase classname="com.kwikpass.automation.scripts.TC_Chemistry_India_Test_Cases" name="Verify_Chemistry_India_Kwikpass_login_Done_Gokwik_login_should_happen" time="36.597"/>
  <testcase classname="com.kwikpass.automation.scripts.TC_Chemistry_India_Test_Cases" name="Verify_Chemistry_India_Kwikpass_login_Done_Redirect_to_accountpage" time="33.355"/>
  <testcase classname="com.kwikpass.automation.scripts.TC_Chemistry_India_Test_Cases" name="Verify_Chemistry_India_Kwikpass_login_using_OTP_Via_SMS" time="23.397"/>
  <testcase classname="com.kwikpass.automation.scripts.TC_Chemistry_India_Test_Cases" name="Verify_Chemistry_India_Kwikpass_login_using_OTP_Via_SMS_from_Rewards" time="33.697"/>
  <testcase classname="com.kwikpass.automation.scripts.TC_Chemistry_India_Test_Cases" name="Verify_Chemistry_India_Kwikpass_login_using_OTP_Via_SMS_from_accountpage" time="17.897"/>
  <testcase classname="com.kwikpass.automation.scripts.TC_Chemistry_India_Test_Cases" name="Verify_Chemistry_India_Shopify_login_and_session_creation_after_Kwikpass_login" time="32.085"/>
</testsuite> <!-- Default test -->
