<?xml version="1.0" encoding="UTF-8"?>
<!-- Generated by org.testng.reporters.JUnitXMLReporter -->
<testsuite ignored="0" hostname="DESKTOP-I2540TH" failures="0" tests="9" name="Default test" time="290.221" errors="0" timestamp="2024-03-10T11:18:54 IST">
  <testcase classname="com.kwikpass.automation.scripts.TC_HOK_Test_Cases" name="Verify_HOK_KwikPass_login_icon_Visibilty" time="11.222"/>
  <testcase classname="com.kwikpass.automation.scripts.TC_HOK_Test_Cases" name="Verify_HOK_KwikPass_login_modal_verification" time="15.972"/>
  <testcase classname="com.kwikpass.automation.scripts.TC_HOK_Test_Cases" name="Verify_HOK_KwikPass_login_modal_verification_from_accountpage" time="6.736"/>
  <testcase classname="com.kwikpass.automation.scripts.TC_HOK_Test_Cases" name="Verify_HOK_Kwikpass_login_Done_Gokwik_login_should_happen" time="38.967"/>
  <testcase classname="com.kwikpass.automation.scripts.TC_HOK_Test_Cases" name="Verify_HOK_Kwikpass_login_Done_Redirect_to_accountpage" time="37.897"/>
  <testcase classname="com.kwikpass.automation.scripts.TC_HOK_Test_Cases" name="Verify_HOK_Kwikpass_login_using_OTP_Via_SMS" time="26.545"/>
  <testcase classname="com.kwikpass.automation.scripts.TC_HOK_Test_Cases" name="Verify_HOK_Kwikpass_login_using_OTP_Via_SMS_from_Rewards" time="39.336"/>
  <testcase classname="com.kwikpass.automation.scripts.TC_HOK_Test_Cases" name="Verify_HOK_Kwikpass_login_using_OTP_Via_SMS_from_accountpage" time="62.142"/>
  <testcase classname="com.kwikpass.automation.scripts.TC_HOK_Test_Cases" name="Verify_HOK_Shopify_login_and_session_creation_after_Kwikpass_login" time="37.181"/>
</testsuite> <!-- Default test -->
