<?xml version="1.0" encoding="UTF-8"?>
<!-- Generated by org.testng.reporters.JUnitXMLReporter -->
<testsuite ignored="0" hostname="DESKTOP-I2540TH" failures="0" tests="10" name="Default test" time="233.691" errors="0" timestamp="2024-03-13T16:02:21 IST">
  <testcase classname="com.kwikpass.automation.scripts.TC_Mivi_Test_Cases" name="Verify_Mivi_KwikPass_Login_From_Rewards" time="30.266"/>
  <testcase classname="com.kwikpass.automation.scripts.TC_Mivi_Test_Cases" name="Verify_Mivi_KwikPass_Login_at_accountpage" time="16.491"/>
  <testcase classname="com.kwikpass.automation.scripts.TC_Mivi_Test_Cases" name="Verify_Mivi_KwikPass_Login_modal_Verfication_at_accountpage" time="6.334"/>
  <testcase classname="com.kwikpass.automation.scripts.TC_Mivi_Test_Cases" name="Verify_Mivi_KwikPass_login_icon_Visibilty" time="2.422"/>
  <testcase classname="com.kwikpass.automation.scripts.TC_Mivi_Test_Cases" name="Verify_Mivi_KwikPass_login_modal_verification" time="6.041"/>
  <testcase classname="com.kwikpass.automation.scripts.TC_Mivi_Test_Cases" name="Verify_Mivi_Kwikpass_login_Done_Gokwik_login_should_happen" time="37.033"/>
  <testcase classname="com.kwikpass.automation.scripts.TC_Mivi_Test_Cases" name="Verify_Mivi_Kwikpass_login_Done_Redirect_to_accountpage" time="34.092"/>
  <testcase classname="com.kwikpass.automation.scripts.TC_Mivi_Test_Cases" name="Verify_Mivi_Kwikpass_login_using_OTP_Via_SMS" time="18.251"/>
  <testcase classname="com.kwikpass.automation.scripts.TC_Mivi_Test_Cases" name="Verify_Mivi_Kwikpass_login_using_OTP_Via_SMS_Done_Rewards_login_should_happen" time="36.833"/>
  <testcase classname="com.kwikpass.automation.scripts.TC_Mivi_Test_Cases" name="Verify_Mivi_Shopify_login_and_session_creation_after_Kwikpass_login" time="28.038"/>
</testsuite> <!-- Default test -->
