<?xml version="1.0" encoding="UTF-8"?>
<!-- Generated by org.testng.reporters.JUnitXMLReporter -->
<testsuite ignored="12" hostname="DESKTOP-I2540TH" failures="1" tests="1" name="Default test" time="19.48" errors="0" timestamp="2024-01-15T19:34:17 IST">
  <testcase classname="com.kwikpass.automation.scripts.TC_TheLoveCO_Test_Cases" name="Verify_TheLoveCO_KwikPass_AP_Visiblity_At_Home_Page" time="17.199">
    <failure type="org.openqa.selenium.NoSuchElementException" message="no such element: Unable to locate element: {&amp;quot;method&amp;quot;:&amp;quot;css selector&amp;quot;,&amp;quot;selector&amp;quot;:&amp;quot;.dismissal&amp;quot;}
  (Session info: chrome=120.0.6099.217)
For documentation on this error, please visit: https://www.selenium.dev/documentation/webdriver/troubleshooting/errors#no-such-element-exception
Build info: version: &amp;apos;4.12.1&amp;apos;, revision: &amp;apos;8e34639b11&amp;apos;
System info: os.name: &amp;apos;Windows 11&amp;apos;, os.arch: &amp;apos;amd64&amp;apos;, os.version: &amp;apos;10.0&amp;apos;, java.version: &amp;apos;21.0.1&amp;apos;
Driver info: org.openqa.selenium.chrome.ChromeDriver
Command: [dd25f67c888760aa10ec1d4c2c882e5b, findElement {using=class name, value=dismissal}]
Capabilities {acceptInsecureCerts: false, browserName: chrome, browserVersion: 120.0.6099.217, chrome: {chromedriverVersion: 120.0.6099.71 (9729082fe617..., userDataDir: C:\Users\navee\AppData\Loca...}, fedcm:accounts: true, goog:chromeOptions: {debuggerAddress: localhost:63134}, networkConnectionEnabled: false, pageLoadStrategy: normal, platformName: windows, proxy: Proxy(), se:cdp: ws://localhost:63134/devtoo..., se:cdpVersion: 120.0.6099.217, setWindowRect: true, strictFileInteractability: false, timeouts: {implicit: 0, pageLoad: 300000, script: 30000}, unhandledPromptBehavior: dismiss and notify, webauthn:extension:credBlob: true, webauthn:extension:largeBlob: true, webauthn:extension:minPinLength: true, webauthn:extension:prf: true, webauthn:virtualAuthenticators: true}
Session ID: dd25f67c888760aa10ec1d4c2c882e5b">
      <![CDATA[org.openqa.selenium.NoSuchElementException: no such element: Unable to locate element: {"method":"css selector","selector":".dismissal"}
  (Session info: chrome=120.0.6099.217)
For documentation on this error, please visit: https://www.selenium.dev/documentation/webdriver/troubleshooting/errors#no-such-element-exception
Build info: version: '4.12.1', revision: '8e34639b11'
System info: os.name: 'Windows 11', os.arch: 'amd64', os.version: '10.0', java.version: '21.0.1'
Driver info: org.openqa.selenium.chrome.ChromeDriver
Command: [dd25f67c888760aa10ec1d4c2c882e5b, findElement {using=class name, value=dismissal}]
Capabilities {acceptInsecureCerts: false, browserName: chrome, browserVersion: 120.0.6099.217, chrome: {chromedriverVersion: 120.0.6099.71 (9729082fe617..., userDataDir: C:\Users\navee\AppData\Loca...}, fedcm:accounts: true, goog:chromeOptions: {debuggerAddress: localhost:63134}, networkConnectionEnabled: false, pageLoadStrategy: normal, platformName: windows, proxy: Proxy(), se:cdp: ws://localhost:63134/devtoo..., se:cdpVersion: 120.0.6099.217, setWindowRect: true, strictFileInteractability: false, timeouts: {implicit: 0, pageLoad: 300000, script: 30000}, unhandledPromptBehavior: dismiss and notify, webauthn:extension:credBlob: true, webauthn:extension:largeBlob: true, webauthn:extension:minPinLength: true, webauthn:extension:prf: true, webauthn:virtualAuthenticators: true}
Session ID: dd25f67c888760aa10ec1d4c2c882e5b
at java.base/jdk.internal.reflect.DirectConstructorHandleAccessor.newInstance(DirectConstructorHandleAccessor.java:62)
at java.base/java.lang.reflect.Constructor.newInstanceWithCaller(Constructor.java:502)
at java.base/java.lang.reflect.Constructor.newInstance(Constructor.java:486)
at org.openqa.selenium.remote.codec.w3c.W3CHttpResponseCodec.createException(W3CHttpResponseCodec.java:200)
at org.openqa.selenium.remote.codec.w3c.W3CHttpResponseCodec.decode(W3CHttpResponseCodec.java:133)
at org.openqa.selenium.remote.codec.w3c.W3CHttpResponseCodec.decode(W3CHttpResponseCodec.java:52)
at org.openqa.selenium.remote.HttpCommandExecutor.execute(HttpCommandExecutor.java:191)
at org.openqa.selenium.remote.service.DriverCommandExecutor.invokeExecute(DriverCommandExecutor.java:196)
at org.openqa.selenium.remote.service.DriverCommandExecutor.execute(DriverCommandExecutor.java:171)
at org.openqa.selenium.remote.RemoteWebDriver.execute(RemoteWebDriver.java:602)
at org.openqa.selenium.remote.ElementLocation$ElementFinder$2.findElement(ElementLocation.java:165)
at org.openqa.selenium.remote.ElementLocation.findElement(ElementLocation.java:66)
at org.openqa.selenium.remote.RemoteWebDriver.findElement(RemoteWebDriver.java:359)
at org.openqa.selenium.remote.RemoteWebDriver.findElement(RemoteWebDriver.java:353)
at com.kwikpass.automation.scripts.TC_TheLoveCO_Test_Cases.Verify_TheLoveCO_KwikPass_AP_Visiblity_At_Home_Page(TC_TheLoveCO_Test_Cases.java:86)
at java.base/jdk.internal.reflect.DirectMethodHandleAccessor.invoke(DirectMethodHandleAccessor.java:103)
at java.base/java.lang.reflect.Method.invoke(Method.java:580)
at org.testng.internal.invokers.MethodInvocationHelper.invokeMethod(MethodInvocationHelper.java:139)
at org.testng.internal.invokers.TestInvoker.invokeMethod(TestInvoker.java:664)
at org.testng.internal.invokers.TestInvoker.invokeTestMethod(TestInvoker.java:227)
at org.testng.internal.invokers.MethodRunner.runInSequence(MethodRunner.java:50)
at org.testng.internal.invokers.TestInvoker$MethodInvocationAgent.invoke(TestInvoker.java:957)
at org.testng.internal.invokers.TestInvoker.invokeTestMethods(TestInvoker.java:200)
at org.testng.internal.invokers.TestMethodWorker.invokeTestMethods(TestMethodWorker.java:148)
at org.testng.internal.invokers.TestMethodWorker.run(TestMethodWorker.java:128)
at java.base/java.util.ArrayList.forEach(ArrayList.java:1596)
at org.testng.TestRunner.privateRun(TestRunner.java:848)
at org.testng.TestRunner.run(TestRunner.java:621)
at org.testng.SuiteRunner.runTest(SuiteRunner.java:443)
at org.testng.SuiteRunner.runSequentially(SuiteRunner.java:437)
at org.testng.SuiteRunner.privateRun(SuiteRunner.java:397)
at org.testng.SuiteRunner.run(SuiteRunner.java:336)
at org.testng.SuiteRunnerWorker.runSuite(SuiteRunnerWorker.java:52)
at org.testng.SuiteRunnerWorker.run(SuiteRunnerWorker.java:95)
at org.testng.TestNG.runSuitesSequentially(TestNG.java:1280)
at org.testng.TestNG.runSuitesLocally(TestNG.java:1200)
at org.testng.TestNG.runSuites(TestNG.java:1114)
at org.testng.TestNG.run(TestNG.java:1082)
at org.testng.remote.AbstractRemoteTestNG.run(AbstractRemoteTestNG.java:115)
at org.testng.remote.RemoteTestNG.initAndRun(RemoteTestNG.java:251)
at org.testng.remote.RemoteTestNG.main(RemoteTestNG.java:77)
]]>
    </failure>
  </testcase> <!-- Verify_TheLoveCO_KwikPass_AP_Visiblity_At_Home_Page -->
  <testcase classname="com.kwikpass.automation.scripts.TC_TheLoveCO_Test_Cases" name="Verify_TheLoveCO_Shopify_login_and_session_creation_after_Kwikpass_login_from_AP" time="0.0">
    <ignored/>
  </testcase> <!-- Verify_TheLoveCO_Shopify_login_and_session_creation_after_Kwikpass_login_from_AP -->
  <testcase classname="com.kwikpass.automation.scripts.TC_TheLoveCO_Test_Cases" name="Verify_TheLoveCO_KwikPass_icon_visibility" time="0.0">
    <ignored/>
  </testcase> <!-- Verify_TheLoveCO_KwikPass_icon_visibility -->
  <testcase classname="com.kwikpass.automation.scripts.TC_TheLoveCO_Test_Cases" name="Verify_TheLoveCO_Kwikpass_login_from_AP_using_OTP_Via_SMS" time="0.0">
    <ignored/>
  </testcase> <!-- Verify_TheLoveCO_Kwikpass_login_from_AP_using_OTP_Via_SMS -->
  <testcase classname="com.kwikpass.automation.scripts.TC_TheLoveCO_Test_Cases" name="Verify_TheLoveCO_KwikPass_login_modal_verification_from_accountpage" time="0.0">
    <ignored/>
  </testcase> <!-- Verify_TheLoveCO_KwikPass_login_modal_verification_from_accountpage -->
  <testcase classname="com.kwikpass.automation.scripts.TC_TheLoveCO_Test_Cases" name="Verify_TheLoveCO_KwikPass_AP_modal_Verfication" time="0.0">
    <ignored/>
  </testcase> <!-- Verify_TheLoveCO_KwikPass_AP_modal_Verfication -->
  <testcase classname="com.kwikpass.automation.scripts.TC_TheLoveCO_Test_Cases" name="Verify_TheLoveCO_Shopify_login_and_session_creation_after_Kwikpass_login_from_Login_Modal" time="0.0">
    <ignored/>
  </testcase> <!-- Verify_TheLoveCO_Shopify_login_and_session_creation_after_Kwikpass_login_from_Login_Modal -->
  <testcase classname="com.kwikpass.automation.scripts.TC_TheLoveCO_Test_Cases" name="Verify_TheLoveCO_KwikPass_AP_Visiblity_At_Collection_page" time="0.0">
    <ignored/>
  </testcase> <!-- Verify_TheLoveCO_KwikPass_AP_Visiblity_At_Collection_page -->
  <testcase classname="com.kwikpass.automation.scripts.TC_TheLoveCO_Test_Cases" name="Verify_TheLoveCO_KwikPass_AP_Visiblity_At_PDP_page" time="0.0">
    <ignored/>
  </testcase> <!-- Verify_TheLoveCO_KwikPass_AP_Visiblity_At_PDP_page -->
  <testcase classname="com.kwikpass.automation.scripts.TC_TheLoveCO_Test_Cases" name="Verify_TheLoveCO_KwikPass_Login_modal_Verfication" time="0.0">
    <ignored/>
  </testcase> <!-- Verify_TheLoveCO_KwikPass_Login_modal_Verfication -->
  <testcase classname="com.kwikpass.automation.scripts.TC_TheLoveCO_Test_Cases" name="Verify_TheLoveCO_Kwikpass_login_using_OTP_Via_SMS_from_accountpage" time="0.0">
    <ignored/>
  </testcase> <!-- Verify_TheLoveCO_Kwikpass_login_using_OTP_Via_SMS_from_accountpage -->
  <testcase classname="com.kwikpass.automation.scripts.TC_TheLoveCO_Test_Cases" name="Verify_TheLoveCO_Kwikpass_login_Done_Redirect_to_accountpage" time="0.0">
    <ignored/>
  </testcase> <!-- Verify_TheLoveCO_Kwikpass_login_Done_Redirect_to_accountpage -->
  <testcase classname="com.kwikpass.automation.scripts.TC_TheLoveCO_Test_Cases" name="Verify_TheLoveCO_Kwikpass_login_from_Login_Modal_using_OTP_Via_SMS" time="0.0">
    <ignored/>
  </testcase> <!-- Verify_TheLoveCO_Kwikpass_login_from_Login_Modal_using_OTP_Via_SMS -->
</testsuite> <!-- Default test -->
