<?xml version="1.0" encoding="UTF-8"?>
<!-- Generated by org.testng.reporters.JUnitXMLReporter -->
<testsuite ignored="0" hostname="DESKTOP-26KO353" failures="0" tests="8" name="Default test" time="148.539" errors="0" timestamp="2024-04-16T13:19:43 IST">
  <testcase classname="com.kwikpass.automation.scripts.TC_Soul_Theory_Test_Cases" name="Verify_Soul_Theory_KwikPass_Login_at_accountpage" time="17.543"/>
  <testcase classname="com.kwikpass.automation.scripts.TC_Soul_Theory_Test_Cases" name="Verify_Soul_Theory_KwikPass_Login_modal_Verfication_at_accountpage" time="6.827"/>
  <testcase classname="com.kwikpass.automation.scripts.TC_Soul_Theory_Test_Cases" name="Verify_Soul_Theory_KwikPass_login_icon_Visibilty" time="3.379"/>
  <testcase classname="com.kwikpass.automation.scripts.TC_Soul_Theory_Test_Cases" name="Verify_Soul_Theory_KwikPass_login_modal_verification" time="6.298"/>
  <testcase classname="com.kwikpass.automation.scripts.TC_Soul_Theory_Test_Cases" name="Verify_Soul_Theory_Kwikpass_login_Done_Gokwik_login_should_happen" time="28.739"/>
  <testcase classname="com.kwikpass.automation.scripts.TC_Soul_Theory_Test_Cases" name="Verify_Soul_Theory_Kwikpass_login_Done_Redirect_to_accountpage" time="28.685"/>
  <testcase classname="com.kwikpass.automation.scripts.TC_Soul_Theory_Test_Cases" name="Verify_Soul_Theory_Kwikpass_login_using_OTP_Via_SMS" time="16.454"/>
  <testcase classname="com.kwikpass.automation.scripts.TC_Soul_Theory_Test_Cases" name="Verify_Soul_Theory_Shopify_login_and_session_creation_after_Kwikpass_login" time="26.731"/>
</testsuite> <!-- Default test -->
