<?xml version="1.0" encoding="UTF-8"?>
<!-- Generated by org.testng.reporters.JUnitXMLReporter -->
<testsuite ignored="13" hostname="DESKTOP-I2540TH" failures="0" tests="1" name="Default test" time="20.369" errors="0" timestamp="2024-01-22T18:34:44 IST">
  <testcase classname="com.kwikpass.automation.scripts.TC_GenieBags_Test_Cases" name="Verify_GenieBags_KwikPass_AP_modal_Verfication" time="17.894"/>
  <testcase classname="com.kwikpass.automation.scripts.TC_GenieBags_Test_Cases" name="Verify_GenieBags_Kwikpass_login_Done_Redirect_to_accountpage" time="0.0">
    <ignored/>
  </testcase> <!-- Verify_GenieBags_Kwikpass_login_Done_Redirect_to_accountpage -->
  <testcase classname="com.kwikpass.automation.scripts.TC_GenieBags_Test_Cases" name="Verify_GenieBags_Shopify_login_and_session_creation_after_Kwikpass_login_from_Login_Modal" time="0.0">
    <ignored/>
  </testcase> <!-- Verify_GenieBags_Shopify_login_and_session_creation_after_Kwikpass_login_from_Login_Modal -->
  <testcase classname="com.kwikpass.automation.scripts.TC_GenieBags_Test_Cases" name="Verify_GenieBags_KwikPass_AP_Visiblity_At_Home_page" time="0.0">
    <ignored/>
  </testcase> <!-- Verify_GenieBags_KwikPass_AP_Visiblity_At_Home_page -->
  <testcase classname="com.kwikpass.automation.scripts.TC_GenieBags_Test_Cases" name="Verify_GenieBags_KwikPass_AP_Visiblity_At_PDP_page" time="0.0">
    <ignored/>
  </testcase> <!-- Verify_GenieBags_KwikPass_AP_Visiblity_At_PDP_page -->
  <testcase classname="com.kwikpass.automation.scripts.TC_GenieBags_Test_Cases" name="Verify_GenieBags_Shopify_login_and_session_creation_after_Kwikpass_login_from_AP" time="0.0">
    <ignored/>
  </testcase> <!-- Verify_GenieBags_Shopify_login_and_session_creation_after_Kwikpass_login_from_AP -->
  <testcase classname="com.kwikpass.automation.scripts.TC_GenieBags_Test_Cases" name="Verify_GenieBags_Kwikpass_login_using_OTP_Via_SMS_from_Rewards" time="0.0">
    <ignored/>
  </testcase> <!-- Verify_GenieBags_Kwikpass_login_using_OTP_Via_SMS_from_Rewards -->
  <testcase classname="com.kwikpass.automation.scripts.TC_GenieBags_Test_Cases" name="Verify_GenieBags_KwikPass_Login_modal_Verfication" time="0.0">
    <ignored/>
  </testcase> <!-- Verify_GenieBags_KwikPass_Login_modal_Verfication -->
  <testcase classname="com.kwikpass.automation.scripts.TC_GenieBags_Test_Cases" name="Verify_GenieBags_Kwikpass_login_using_OTP_Via_SMS_from_accountpage" time="0.0">
    <ignored/>
  </testcase> <!-- Verify_GenieBags_Kwikpass_login_using_OTP_Via_SMS_from_accountpage -->
  <testcase classname="com.kwikpass.automation.scripts.TC_GenieBags_Test_Cases" name="Verify_GenieBags_Kwikpass_login_from_AP_using_OTP_Via_SMS" time="0.0">
    <ignored/>
  </testcase> <!-- Verify_GenieBags_Kwikpass_login_from_AP_using_OTP_Via_SMS -->
  <testcase classname="com.kwikpass.automation.scripts.TC_GenieBags_Test_Cases" name="Verify_GenieBags_KwikPass_icon_visibility" time="0.0">
    <ignored/>
  </testcase> <!-- Verify_GenieBags_KwikPass_icon_visibility -->
  <testcase classname="com.kwikpass.automation.scripts.TC_GenieBags_Test_Cases" name="Verify_GenieBags_Kwikpass_login_from_Login_Modal_using_OTP_Via_SMS" time="0.0">
    <ignored/>
  </testcase> <!-- Verify_GenieBags_Kwikpass_login_from_Login_Modal_using_OTP_Via_SMS -->
  <testcase classname="com.kwikpass.automation.scripts.TC_GenieBags_Test_Cases" name="Verify_GenieBags_KwikPass_AP_Visiblity_At_Collection_page" time="0.0">
    <ignored/>
  </testcase> <!-- Verify_GenieBags_KwikPass_AP_Visiblity_At_Collection_page -->
  <testcase classname="com.kwikpass.automation.scripts.TC_GenieBags_Test_Cases" name="Verify_GenieBags_KwikPass_login_modal_verification_from_accountpage" time="0.0">
    <ignored/>
  </testcase> <!-- Verify_GenieBags_KwikPass_login_modal_verification_from_accountpage -->
</testsuite> <!-- Default test -->
