<?xml version="1.0" encoding="UTF-8"?>
<!-- Generated by org.testng.reporters.JUnitXMLReporter -->
<testsuite ignored="0" hostname="DESKTOP-I2540TH" failures="0" tests="15" name="Default test" time="380.103" errors="0" timestamp="2024-03-11T13:51:12 IST">
  <testcase classname="com.kwikpass.automation.scripts.TC_The_Man_Company_Test_Cases" name="Verify_The_Man_Company_KwikPass_AP_Visiblity_At_Collection_page" time="19.956"/>
  <testcase classname="com.kwikpass.automation.scripts.TC_The_Man_Company_Test_Cases" name="Verify_The_Man_Company_KwikPass_AP_Visiblity_At_Home_page" time="16.028"/>
  <testcase classname="com.kwikpass.automation.scripts.TC_The_Man_Company_Test_Cases" name="Verify_The_Man_Company_KwikPass_AP_Visiblity_At_PDP_page" time="17.271"/>
  <testcase classname="com.kwikpass.automation.scripts.TC_The_Man_Company_Test_Cases" name="Verify_The_Man_Company_KwikPass_AP_modal_Verfication" time="17.584"/>
  <testcase classname="com.kwikpass.automation.scripts.TC_The_Man_Company_Test_Cases" name="Verify_The_Man_Company_KwikPass_Login_at_accountpage" time="18.474"/>
  <testcase classname="com.kwikpass.automation.scripts.TC_The_Man_Company_Test_Cases" name="Verify_The_Man_Company_KwikPass_Login_modal_Verfication" time="6.244"/>
  <testcase classname="com.kwikpass.automation.scripts.TC_The_Man_Company_Test_Cases" name="Verify_The_Man_Company_KwikPass_Login_modal_Verfication_at_accountpage" time="7.975"/>
  <testcase classname="com.kwikpass.automation.scripts.TC_The_Man_Company_Test_Cases" name="Verify_The_Man_Company_KwikPass_icon_visibility" time="3.053"/>
  <testcase classname="com.kwikpass.automation.scripts.TC_The_Man_Company_Test_Cases" name="Verify_The_Man_Company_Kwikpass_login_Done_Redirect_to_accountpage" time="41.184"/>
  <testcase classname="com.kwikpass.automation.scripts.TC_The_Man_Company_Test_Cases" name="Verify_The_Man_Company_Kwikpass_login_from_AP_Done_Gokwik_login_should_happen" time="48.662"/>
  <testcase classname="com.kwikpass.automation.scripts.TC_The_Man_Company_Test_Cases" name="Verify_The_Man_Company_Kwikpass_login_from_AP_using_OTP_Via_SMS" time="25.873"/>
  <testcase classname="com.kwikpass.automation.scripts.TC_The_Man_Company_Test_Cases" name="Verify_The_Man_Company_Kwikpass_login_from_Login_Modal_Done_Gokwik_login_should_happen" time="36.983"/>
  <testcase classname="com.kwikpass.automation.scripts.TC_The_Man_Company_Test_Cases" name="Verify_The_Man_Company_Kwikpass_login_from_Login_Modal_using_OTP_Via_SMS" time="16.49"/>
  <testcase classname="com.kwikpass.automation.scripts.TC_The_Man_Company_Test_Cases" name="Verify_The_Man_Company_Shopify_login_and_session_creation_after_Kwikpass_login_from_AP" time="46.04"/>
  <testcase classname="com.kwikpass.automation.scripts.TC_The_Man_Company_Test_Cases" name="Verify_The_Man_Company_Shopify_login_and_session_creation_after_Kwikpass_login_from_Login_Modal" time="36.151"/>
</testsuite> <!-- Default test -->
