<?xml version="1.0" encoding="UTF-8"?>
<!-- Generated by org.testng.reporters.JUnitXMLReporter -->
<testsuite ignored="0" hostname="DESKTOP-26KO353" failures="0" tests="7" name="Default test" time="124.438" errors="0" timestamp="2024-04-18T17:14:20 IST">
  <testcase classname="com.kwikpass.automation.scripts.TC_Unnhattar_Test_Cases" name="Verify_Unnhattar_KwikPass_Login_at_accountpage" time="16.392"/>
  <testcase classname="com.kwikpass.automation.scripts.TC_Unnhattar_Test_Cases" name="Verify_Unnhattar_KwikPass_Login_modal_Verfication_at_accountpage" time="6.503"/>
  <testcase classname="com.kwikpass.automation.scripts.TC_Unnhattar_Test_Cases" name="Verify_Unnhattar_KwikPass_login_icon_Visibilty" time="2.606"/>
  <testcase classname="com.kwikpass.automation.scripts.TC_Unnhattar_Test_Cases" name="Verify_Unnhattar_KwikPass_login_modal_verification" time="6.743"/>
  <testcase classname="com.kwikpass.automation.scripts.TC_Unnhattar_Test_Cases" name="Verify_Unnhattar_Kwikpass_login_Done_Redirect_to_accountpage" time="29.789"/>
  <testcase classname="com.kwikpass.automation.scripts.TC_Unnhattar_Test_Cases" name="Verify_Unnhattar_Kwikpass_login_using_OTP_Via_SMS" time="16.231"/>
  <testcase classname="com.kwikpass.automation.scripts.TC_Unnhattar_Test_Cases" name="Verify_Unnhattar_Shopify_login_and_session_creation_after_Kwikpass_login" time="26.548"/>
</testsuite> <!-- Default test -->
