<?xml version="1.0" encoding="UTF-8"?>
<testng-results ignored="0" total="1" passed="1" failed="0" skipped="0">
  <reporter-output>
  </reporter-output>
  <suite started-at="2024-03-20T19:30:38 IST" name="Default suite" finished-at="2024-03-20T19:30:45 IST" duration-ms="6920">
    <groups>
    </groups>
    <test started-at="2024-03-20T19:30:38 IST" name="Default test" finished-at="2024-03-20T19:30:45 IST" duration-ms="6920">
      <class name="com.kwikpass.pageObjects.EmailSender_daily_check">
        <test-method signature="SendEmail()[pri:0, instance:com.kwikpass.pageObjects.EmailSender_daily_check@799f10e1]" started-at="2024-03-20T19:30:38 IST" name="SendEmail" finished-at="2024-03-20T19:30:45 IST" duration-ms="6875" status="PASS">
          <reporter-output>
          </reporter-output>
        </test-method> <!-- SendEmail -->
      </class> <!-- com.kwikpass.pageObjects.EmailSender_daily_check -->
    </test> <!-- Default test -->
  </suite> <!-- Default suite -->
</testng-results>
