<?xml version="1.0" encoding="UTF-8"?>
<testng-results ignored="0" total="1" passed="1" failed="0" skipped="0">
  <reporter-output>
  </reporter-output>
  <suite started-at="2024-03-18T09:40:54 IST" name="Default suite" finished-at="2024-03-18T09:41:36 IST" duration-ms="42493">
    <groups>
    </groups>
    <test started-at="2024-03-18T09:40:54 IST" name="Default test" finished-at="2024-03-18T09:41:36 IST" duration-ms="42493">
      <class name="com.kwikpass.dailycheck.All_Live_Merchant_Shopify_login_and_session_creation_after_Kwikpass_login_daily_check">
        <test-method is-config="true" signature="setUp()[pri:0, instance:com.kwikpass.dailycheck.All_Live_Merchant_Shopify_login_and_session_creation_after_Kwikpass_login_daily_check@477b4cdf]" started-at="2024-03-18T09:40:54 IST" name="setUp" finished-at="2024-03-18T09:40:59 IST" duration-ms="5053" status="PASS">
          <reporter-output>
          </reporter-output>
        </test-method> <!-- setUp -->
        <test-method signature="Verify_mCaffeine_Shopify_Login_and_session_creation_Ater_Kwikpass_Login()[pri:0, instance:com.kwikpass.dailycheck.All_Live_Merchant_Shopify_login_and_session_creation_after_Kwikpass_login_daily_check@477b4cdf]" started-at="2024-03-18T09:40:59 IST" name="Verify_mCaffeine_Shopify_Login_and_session_creation_Ater_Kwikpass_Login" finished-at="2024-03-18T09:41:35 IST" duration-ms="36465" status="PASS">
          <reporter-output>
          </reporter-output>
        </test-method> <!-- Verify_mCaffeine_Shopify_Login_and_session_creation_Ater_Kwikpass_Login -->
        <test-method is-config="true" signature="tearDown()[pri:0, instance:com.kwikpass.dailycheck.All_Live_Merchant_Shopify_login_and_session_creation_after_Kwikpass_login_daily_check@477b4cdf]" started-at="2024-03-18T09:41:35 IST" name="tearDown" finished-at="2024-03-18T09:41:36 IST" duration-ms="888" status="PASS">
          <reporter-output>
          </reporter-output>
        </test-method> <!-- tearDown -->
      </class> <!-- com.kwikpass.dailycheck.All_Live_Merchant_Shopify_login_and_session_creation_after_Kwikpass_login_daily_check -->
    </test> <!-- Default test -->
  </suite> <!-- Default suite -->
</testng-results>
